<?xml version="1.0" encoding="UTF-8"?>
<!-- Generated by org.testng.reporters.JUnitXMLReporter -->
<testsuite hostname="meena-VirtualBox" name="Surefire test" tests="28" failures="0" timestamp="1 Apr 2021 11:45:43 GMT" time="0.151" errors="0">
  <testcase name="testRaisedToThePowerOfZero on testRaisedToThePowerOfZero(com.assignment.calculator.examination_calculator.AdvancedCalculatorTest)" time="0.004" classname="com.assignment.calculator.examination_calculator.AdvancedCalculatorTest"/>
  <testcase name="testSquareRootZero on testSquareRootZero(com.assignment.calculator.examination_calculator.AdvancedCalculatorTest)" time="0.001" classname="com.assignment.calculator.examination_calculator.AdvancedCalculatorTest"/>
  <testcase name="testSquareRootPositive on testSquareRootPositive(com.assignment.calculator.examination_calculator.AdvancedCalculatorTest)" time="0.002" classname="com.assignment.calculator.examination_calculator.AdvancedCalculatorTest"/>
  <testcase name="testModulusZero on testModulusZero(com.assignment.calculator.examination_calculator.AdvancedCalculatorTest)" time="0.001" classname="com.assignment.calculator.examination_calculator.AdvancedCalculatorTest"/>
  <testcase name="testSquarePositive on testSquarePositive(com.assignment.calculator.examination_calculator.AdvancedCalculatorTest)" time="0.0" classname="com.assignment.calculator.examination_calculator.AdvancedCalculatorTest"/>
  <testcase name="testSquareNegative on testSquareNegative(com.assignment.calculator.examination_calculator.AdvancedCalculatorTest)" time="0.004" classname="com.assignment.calculator.examination_calculator.AdvancedCalculatorTest"/>
  <testcase name="testAbsoluteValueZero on testAbsoluteValueZero(com.assignment.calculator.examination_calculator.AdvancedCalculatorTest)" time="0.0" classname="com.assignment.calculator.examination_calculator.AdvancedCalculatorTest"/>
  <testcase name="testModulusPositive on testModulusPositive(com.assignment.calculator.examination_calculator.AdvancedCalculatorTest)" time="0.006" classname="com.assignment.calculator.examination_calculator.AdvancedCalculatorTest"/>
  <testcase name="testModulusNegative on testModulusNegative(com.assignment.calculator.examination_calculator.AdvancedCalculatorTest)" time="0.003" classname="com.assignment.calculator.examination_calculator.AdvancedCalculatorTest"/>
  <testcase name="testAbsoluteValuePositive on testAbsoluteValuePositive(com.assignment.calculator.examination_calculator.AdvancedCalculatorTest)" time="0.001" classname="com.assignment.calculator.examination_calculator.AdvancedCalculatorTest"/>
  <testcase name="testAbsoluteValueNegative on testAbsoluteValueNegative(com.assignment.calculator.examination_calculator.AdvancedCalculatorTest)" time="0.003" classname="com.assignment.calculator.examination_calculator.AdvancedCalculatorTest"/>
  <testcase name="testSquareZero on testSquareZero(com.assignment.calculator.examination_calculator.AdvancedCalculatorTest)" time="0.001" classname="com.assignment.calculator.examination_calculator.AdvancedCalculatorTest"/>
  <testcase name="testRaisedToThePowerOfPositive on testRaisedToThePowerOfPositive(com.assignment.calculator.examination_calculator.AdvancedCalculatorTest)" time="0.001" classname="com.assignment.calculator.examination_calculator.AdvancedCalculatorTest"/>
  <testcase name="testRaisedToThePowerOfNegative on testRaisedToThePowerOfNegative(com.assignment.calculator.examination_calculator.AdvancedCalculatorTest)" time="0.002" classname="com.assignment.calculator.examination_calculator.AdvancedCalculatorTest"/>
  <testcase name="testMultiplicationZero on testMultiplicationZero(com.assignment.calculator.examination_calculator.BasicCalculatorTest)" time="0.001" classname="com.assignment.calculator.examination_calculator.BasicCalculatorTest"/>
  <testcase name="testAdditionPositive on testAdditionPositive(com.assignment.calculator.examination_calculator.BasicCalculatorTest)" time="0.005" classname="com.assignment.calculator.examination_calculator.BasicCalculatorTest"/>
  <testcase name="testAdditionNegative on testAdditionNegative(com.assignment.calculator.examination_calculator.BasicCalculatorTest)" time="0.001" classname="com.assignment.calculator.examination_calculator.BasicCalculatorTest"/>
  <testcase name="testDivisionZero on testDivisionZero(com.assignment.calculator.examination_calculator.BasicCalculatorTest)" time="0.002" classname="com.assignment.calculator.examination_calculator.BasicCalculatorTest"/>
  <testcase name="testMultiplicationPositive on testMultiplicationPositive(com.assignment.calculator.examination_calculator.BasicCalculatorTest)" time="0.001" classname="com.assignment.calculator.examination_calculator.BasicCalculatorTest"/>
  <testcase name="testDivisionPositive on testDivisionPositive(com.assignment.calculator.examination_calculator.BasicCalculatorTest)" time="0.001" classname="com.assignment.calculator.examination_calculator.BasicCalculatorTest"/>
  <testcase name="testMultiplicationNegative on testMultiplicationNegative(com.assignment.calculator.examination_calculator.BasicCalculatorTest)" time="0.002" classname="com.assignment.calculator.examination_calculator.BasicCalculatorTest"/>
  <testcase name="testDivisionNegative on testDivisionNegative(com.assignment.calculator.examination_calculator.BasicCalculatorTest)" time="0.001" classname="com.assignment.calculator.examination_calculator.BasicCalculatorTest"/>
  <testcase name="testSubtractionZero on testSubtractionZero(com.assignment.calculator.examination_calculator.BasicCalculatorTest)" time="0.0" classname="com.assignment.calculator.examination_calculator.BasicCalculatorTest"/>
  <testcase name="testAdditionZero on testAdditionZero(com.assignment.calculator.examination_calculator.BasicCalculatorTest)" time="0.0" classname="com.assignment.calculator.examination_calculator.BasicCalculatorTest"/>
  <testcase name="testSubtractionPositive on testSubtractionPositive(com.assignment.calculator.examination_calculator.BasicCalculatorTest)" time="0.004" classname="com.assignment.calculator.examination_calculator.BasicCalculatorTest"/>
  <testcase name="testSubtractionNegative on testSubtractionNegative(com.assignment.calculator.examination_calculator.BasicCalculatorTest)" time="0.001" classname="com.assignment.calculator.examination_calculator.BasicCalculatorTest"/>
  <testcase name="testBasicCalculator on testBasicCalculator(com.assignment.calculator.examination_calculator.MainTest)" time="0.0" classname="com.assignment.calculator.examination_calculator.MainTest"/>
  <testcase name="testAdvancedCalculator on testAdvancedCalculator(com.assignment.calculator.examination_calculator.MainTest)" time="0.0" classname="com.assignment.calculator.examination_calculator.MainTest"/>
</testsuite> <!-- Surefire test -->
