<?xml version="1.0" encoding="UTF-8"?>
<testsuite name="TestSuite" time="0.048" tests="28" errors="0" skipped="0" failures="0">
  <properties>
[...]
</properties>
  <testcase name="testRaisedToThePowerOfZero on testRaisedToThePowerOfZero(com.assignment.calculator.examination_calculator.AdvancedCalculatorTest)" classname="com.assignment.calculator.examination_calculator.AdvancedCalculatorTest" time="0.002"/>
  <testcase name="testSquareRootZero on testSquareRootZero(com.assignment.calculator.examination_calculator.AdvancedCalculatorTest)" classname="com.assignment.calculator.examination_calculator.AdvancedCalculatorTest" time="0"/>
  <testcase name="testSquareRootPositive on testSquareRootPositive(com.assignment.calculator.examination_calculator.AdvancedCalculatorTest)" classname="com.assignment.calculator.examination_calculator.AdvancedCalculatorTest" time="0.002"/>
  <testcase name="testModulusZero on testModulusZero(com.assignment.calculator.examination_calculator.AdvancedCalculatorTest)" classname="com.assignment.calculator.examination_calculator.AdvancedCalculatorTest" time="0.002"/>
  <testcase name="testSquarePositive on testSquarePositive(com.assignment.calculator.examination_calculator.AdvancedCalculatorTest)" classname="com.assignment.calculator.examination_calculator.AdvancedCalculatorTest" time="0"/>
  <testcase name="testSquareNegative on testSquareNegative(com.assignment.calculator.examination_calculator.AdvancedCalculatorTest)" classname="com.assignment.calculator.examination_calculator.AdvancedCalculatorTest" time="0.001"/>
  <testcase name="testAbsoluteValueZero on testAbsoluteValueZero(com.assignment.calculator.examination_calculator.AdvancedCalculatorTest)" classname="com.assignment.calculator.examination_calculator.AdvancedCalculatorTest" time="0.001"/>
  <testcase name="testModulusPositive on testModulusPositive(com.assignment.calculator.examination_calculator.AdvancedCalculatorTest)" classname="com.assignment.calculator.examination_calculator.AdvancedCalculatorTest" time="0.006"/>
  <testcase name="testModulusNegative on testModulusNegative(com.assignment.calculator.examination_calculator.AdvancedCalculatorTest)" classname="com.assignment.calculator.examination_calculator.AdvancedCalculatorTest" time="0.007"/>
  <testcase name="testAbsoluteValuePositive on testAbsoluteValuePositive(com.assignment.calculator.examination_calculator.AdvancedCalculatorTest)" classname="com.assignment.calculator.examination_calculator.AdvancedCalculatorTest" time="0"/>
  <testcase name="testAbsoluteValueNegative on testAbsoluteValueNegative(com.assignment.calculator.examination_calculator.AdvancedCalculatorTest)" classname="com.assignment.calculator.examination_calculator.AdvancedCalculatorTest" time="0.001"/>
  <testcase name="testSquareZero on testSquareZero(com.assignment.calculator.examination_calculator.AdvancedCalculatorTest)" classname="com.assignment.calculator.examination_calculator.AdvancedCalculatorTest" time="0"/>
  <testcase name="testRaisedToThePowerOfPositive on testRaisedToThePowerOfPositive(com.assignment.calculator.examination_calculator.AdvancedCalculatorTest)" classname="com.assignment.calculator.examination_calculator.AdvancedCalculatorTest" time="0.001"/>
  <testcase name="testRaisedToThePowerOfNegative on testRaisedToThePowerOfNegative(com.assignment.calculator.examination_calculator.AdvancedCalculatorTest)" classname="com.assignment.calculator.examination_calculator.AdvancedCalculatorTest" time="0.003"/>
  <testcase name="testMultiplicationZero on testMultiplicationZero(com.assignment.calculator.examination_calculator.BasicCalculatorTest)" classname="com.assignment.calculator.examination_calculator.BasicCalculatorTest" time="0.001"/>
  <testcase name="testAdditionPositive on testAdditionPositive(com.assignment.calculator.examination_calculator.BasicCalculatorTest)" classname="com.assignment.calculator.examination_calculator.BasicCalculatorTest" time="0.005"/>
  <testcase name="testAdditionNegative on testAdditionNegative(com.assignment.calculator.examination_calculator.BasicCalculatorTest)" classname="com.assignment.calculator.examination_calculator.BasicCalculatorTest" time="0.003"/>
  <testcase name="testDivisionZero on testDivisionZero(com.assignment.calculator.examination_calculator.BasicCalculatorTest)" classname="com.assignment.calculator.examination_calculator.BasicCalculatorTest" time="0"/>
  <testcase name="testMultiplicationPositive on testMultiplicationPositive(com.assignment.calculator.examination_calculator.BasicCalculatorTest)" classname="com.assignment.calculator.examination_calculator.BasicCalculatorTest" time="0.001"/>
  <testcase name="testDivisionPositive on testDivisionPositive(com.assignment.calculator.examination_calculator.BasicCalculatorTest)" classname="com.assignment.calculator.examination_calculator.BasicCalculatorTest" time="0.002"/>
  <testcase name="testMultiplicationNegative on testMultiplicationNegative(com.assignment.calculator.examination_calculator.BasicCalculatorTest)" classname="com.assignment.calculator.examination_calculator.BasicCalculatorTest" time="0.002"/>
  <testcase name="testDivisionNegative on testDivisionNegative(com.assignment.calculator.examination_calculator.BasicCalculatorTest)" classname="com.assignment.calculator.examination_calculator.BasicCalculatorTest" time="0.001"/>
  <testcase name="testSubtractionZero on testSubtractionZero(com.assignment.calculator.examination_calculator.BasicCalculatorTest)" classname="com.assignment.calculator.examination_calculator.BasicCalculatorTest" time="0"/>
  <testcase name="testAdditionZero on testAdditionZero(com.assignment.calculator.examination_calculator.BasicCalculatorTest)" classname="com.assignment.calculator.examination_calculator.BasicCalculatorTest" time="0.001"/>
  <testcase name="testSubtractionPositive on testSubtractionPositive(com.assignment.calculator.examination_calculator.BasicCalculatorTest)" classname="com.assignment.calculator.examination_calculator.BasicCalculatorTest" time="0.004"/>
  <testcase name="testSubtractionNegative on testSubtractionNegative(com.assignment.calculator.examination_calculator.BasicCalculatorTest)" classname="com.assignment.calculator.examination_calculator.BasicCalculatorTest" time="0.001"/>
  <testcase name="testBasicCalculator on testBasicCalculator(com.assignment.calculator.examination_calculator.MainTest)" classname="com.assignment.calculator.examination_calculator.MainTest" time="0.001"/>
  <testcase name="testAdvancedCalculator on testAdvancedCalculator(com.assignment.calculator.examination_calculator.MainTest)" classname="com.assignment.calculator.examination_calculator.MainTest" time="0"/>
</testsuite>